Determining if the pthread_create exist failed with the following output:
Change Dir: /home/yuanlin/homework/lec4 /gaussian/build/CMakeFiles/CMakeTmp

Run Build Command:"/usr/bin/make" "cmTC_43eff/fast"
/usr/bin/make -f CMakeFiles/cmTC_43eff.dir/build.make CMakeFiles/cmTC_43eff.dir/build
make[1]: Entering directory '/home/yuanlin/homework/lec4 /gaussian/build/CMakeFiles/CMakeTmp'
Building C object CMakeFiles/cmTC_43eff.dir/CheckSymbolExists.c.o
/usr/bin/cc     -o CMakeFiles/cmTC_43eff.dir/CheckSymbolExists.c.o   -c "/home/yuanlin/homework/lec4 /gaussian/build/CMakeFiles/CMakeTmp/CheckSymbolExists.c"
Linking C executable cmTC_43eff
/usr/bin/cmake -E cmake_link_script CMakeFiles/cmTC_43eff.dir/link.txt --verbose=1
/usr/bin/cc       CMakeFiles/cmTC_43eff.dir/CheckSymbolExists.c.o  -o cmTC_43eff -rdynamic 
CMakeFiles/cmTC_43eff.dir/CheckSymbolExists.c.o: In function `main':
CheckSymbolExists.c:(.text+0x16): undefined reference to `pthread_create'
collect2: error: ld returned 1 exit status
CMakeFiles/cmTC_43eff.dir/build.make:97: recipe for target 'cmTC_43eff' failed
make[1]: *** [cmTC_43eff] Error 1
make[1]: Leaving directory '/home/yuanlin/homework/lec4 /gaussian/build/CMakeFiles/CMakeTmp'
Makefile:126: recipe for target 'cmTC_43eff/fast' failed
make: *** [cmTC_43eff/fast] Error 2

File /home/yuanlin/homework/lec4 /gaussian/build/CMakeFiles/CMakeTmp/CheckSymbolExists.c:
/* */
#include <pthread.h>

int main(int argc, char** argv)
{
  (void)argv;
#ifndef pthread_create
  return ((int*)(&pthread_create))[argc];
#else
  (void)argc;
  return 0;
#endif
}

Determining if the function pthread_create exists in the pthreads failed with the following output:
Change Dir: /home/yuanlin/homework/lec4 /gaussian/build/CMakeFiles/CMakeTmp

Run Build Command:"/usr/bin/make" "cmTC_19a43/fast"
/usr/bin/make -f CMakeFiles/cmTC_19a43.dir/build.make CMakeFiles/cmTC_19a43.dir/build
make[1]: Entering directory '/home/yuanlin/homework/lec4 /gaussian/build/CMakeFiles/CMakeTmp'
Building C object CMakeFiles/cmTC_19a43.dir/CheckFunctionExists.c.o
/usr/bin/cc    -DCHECK_FUNCTION_EXISTS=pthread_create   -o CMakeFiles/cmTC_19a43.dir/CheckFunctionExists.c.o   -c /usr/share/cmake-3.5/Modules/CheckFunctionExists.c
Linking C executable cmTC_19a43
/usr/bin/cmake -E cmake_link_script CMakeFiles/cmTC_19a43.dir/link.txt --verbose=1
/usr/bin/cc   -DCHECK_FUNCTION_EXISTS=pthread_create    CMakeFiles/cmTC_19a43.dir/CheckFunctionExists.c.o  -o cmTC_19a43 -rdynamic -lpthreads 
/usr/bin/ld: cannot find -lpthreads
collect2: error: ld returned 1 exit status
CMakeFiles/cmTC_19a43.dir/build.make:97: recipe for target 'cmTC_19a43' failed
make[1]: *** [cmTC_19a43] Error 1
make[1]: Leaving directory '/home/yuanlin/homework/lec4 /gaussian/build/CMakeFiles/CMakeTmp'
Makefile:126: recipe for target 'cmTC_19a43/fast' failed
make: *** [cmTC_19a43/fast] Error 2


